{"id_produk":"17","jumlah_produk":"2"}{"id_produk":"14","jumlah_produk":"2"}{"id_produk":"14","jumlah_produk":"3"}{"id_produk":"14","jumlah_produk":"4"}{"id_produk":"17","jumlah_produk":"3"}{"id_produk":"17","jumlah_produk":"4"}{"id_produk":"17","jumlah_produk":"5"}{"id_produk":"14","jumlah_produk":"5"}{"id_produk":"14","jumlah_produk":"6"}{"id_produk":"17","jumlah_produk":"5"}{"id_produk":"17","jumlah_produk":"5"}{"id_produk":"17","jumlah_produk":"4"}{"id_produk":"17","jumlah_produk":"5"}ID Produk: 17, Jumlah Produk: 4
Data Stok: Array
(
    [stok_produk] => 5
)
ID Produk: 17, Jumlah Produk: 5
Data Stok: Array
(
    [stok_produk] => 5
)
ID Produk: 17, Jumlah Produk: 5
Data Stok: Array
(
    [stok_produk] => 5
)
ID Produk: 17, Jumlah Produk: 4
Data Stok: Array
(
    [stok_produk] => 5
)
ID Produk: 17, Jumlah Produk: 3
Data Stok: Array
(
    [stok_produk] => 5
)
ID Produk: 17, Jumlah Produk: 2
Data Stok: Array
(
    [stok_produk] => 5
)
ID Produk: 17, Jumlah Produk: 1
Data Stok: Array
(
    [stok_produk] => 5
)
ID Produk: 17, Jumlah Produk: 1
Data Stok: Array
(
    [stok_produk] => 5
)
ID Produk: 14, Jumlah Produk: 5
Data Stok: Array
(
    [stok_produk] => 10
)
ID Produk: 14, Jumlah Produk: 4
Data Stok: Array
(
    [stok_produk] => 10
)
ID Produk: 14, Jumlah Produk: 3
Data Stok: Array
(
    [stok_produk] => 10
)
ID Produk: 14, Jumlah Produk: 2
Data Stok: Array
(
    [stok_produk] => 10
)
ID Produk: 14, Jumlah Produk: 1
Data Stok: Array
(
    [stok_produk] => 10
)
ID Produk: 17, Jumlah Produk: 2
Data Stok: Array
(
    [stok_produk] => 5
)
ID Produk: 17, Jumlah Produk: 3
Data Stok: Array
(
    [stok_produk] => 5
)
ID Produk: 17, Jumlah Produk: 4
Data Stok: Array
(
    [stok_produk] => 5
)
ID Produk: 17, Jumlah Produk: 5
Data Stok: Array
(
    [stok_produk] => 5
)
ID Produk: 17, Jumlah Produk: 5
Data Stok: Array
(
    [stok_produk] => 5
)
ID Produk: 17, Jumlah Produk: 5
Data Stok: Array
(
    [stok_produk] => 5
)
ID Produk: 14, Jumlah Produk: 2
Data Stok: Array
(
    [stok_produk] => 10
)
ID Produk: 14, Jumlah Produk: 3
Data Stok: Array
(
    [stok_produk] => 10
)
ID Produk: 14, Jumlah Produk: 4
Data Stok: Array
(
    [stok_produk] => 10
)
ID Produk: 14, Jumlah Produk: 5
Data Stok: Array
(
    [stok_produk] => 10
)
ID Produk: 14, Jumlah Produk: 6
Data Stok: Array
(
    [stok_produk] => 10
)
ID Produk: 14, Jumlah Produk: 7
Data Stok: Array
(
    [stok_produk] => 10
)
ID Produk: 14, Jumlah Produk: 8
Data Stok: Array
(
    [stok_produk] => 10
)
ID Produk: 14, Jumlah Produk: 9
Data Stok: Array
(
    [stok_produk] => 10
)
ID Produk: 14, Jumlah Produk: 10
Data Stok: Array
(
    [stok_produk] => 10
)
ID Produk: 14, Jumlah Produk: 10
Data Stok: Array
(
    [stok_produk] => 10
)
Input ID Produk: 14, Jumlah Produk: 10
Data Stok: Array
(
    [stok_produk] => 10
)
Keranjang berhasil diperbarui untuk ID Produk 14
Input ID Produk: 17, Jumlah Produk: 4
Data Stok: Array
(
    [stok_produk] => 5
)
Keranjang berhasil diperbarui untuk ID Produk 17
Input ID Produk: 17, Jumlah Produk: 5
Data Stok: Array
(
    [stok_produk] => 5
)
Keranjang berhasil diperbarui untuk ID Produk 17
Input ID Produk: 17, Jumlah Produk: 4
Data Stok: Array
(
    [stok_produk] => 5
)
Keranjang berhasil diperbarui untuk ID Produk 17
Input ID Produk: 17, Jumlah Produk: 5
Data Stok: Array
(
    [stok_produk] => 5
)
Keranjang berhasil diperbarui untuk ID Produk 17
Input ID Produk: 17, Jumlah Produk: 5
Data Stok: Array
(
    [stok_produk] => 5
)
Keranjang berhasil diperbarui untuk ID Produk 17
Input ID Produk: 17, Jumlah Produk: 4
Data Stok: Array
(
    [stok_produk] => 5
)
Keranjang berhasil diperbarui untuk ID Produk 17
Input ID Produk: 17, Jumlah Produk: 5
Data Stok: Array
(
    [stok_produk] => 5
)
Keranjang berhasil diperbarui untuk ID Produk 17
Input ID Produk: 14, Jumlah Produk: 9
Data Stok: Array
(
    [stok_produk] => 10
)
Keranjang berhasil diperbarui untuk ID Produk 14
Input ID Produk: 17, Jumlah Produk: 4
Data Stok: Array
(
    [stok_produk] => 5
)
Keranjang berhasil diperbarui untuk ID Produk 17
Input ID Produk: 17, Jumlah Produk: 3
Data Stok: Array
(
    [stok_produk] => 5
)
Keranjang berhasil diperbarui untuk ID Produk 17
Input ID Produk: 17, Jumlah Produk: 2
Data Stok: Array
(
    [stok_produk] => 5
)
Keranjang berhasil diperbarui untuk ID Produk 17
Input ID Produk: 17, Jumlah Produk: 1
Data Stok: Array
(
    [stok_produk] => 5
)
Keranjang berhasil diperbarui untuk ID Produk 17
Input ID Produk: 14, Jumlah Produk: 8
Data Stok: Array
(
    [stok_produk] => 10
)
Keranjang berhasil diperbarui untuk ID Produk 14
Input ID Produk: 14, Jumlah Produk: 7
Data Stok: Array
(
    [stok_produk] => 10
)
Keranjang berhasil diperbarui untuk ID Produk 14
Input ID Produk: 14, Jumlah Produk: 6
Data Stok: Array
(
    [stok_produk] => 10
)
Keranjang berhasil diperbarui untuk ID Produk 14
Input ID Produk: 14, Jumlah Produk: 5
Data Stok: Array
(
    [stok_produk] => 10
)
Keranjang berhasil diperbarui untuk ID Produk 14
Input ID Produk: 14, Jumlah Produk: 4
Data Stok: Array
(
    [stok_produk] => 10
)
Keranjang berhasil diperbarui untuk ID Produk 14
Input ID Produk: 14, Jumlah Produk: 3
Data Stok: Array
(
    [stok_produk] => 10
)
Keranjang berhasil diperbarui untuk ID Produk 14
Input ID Produk: 14, Jumlah Produk: 8
Data Stok: Array
(
    [stok_produk] => 10
)
Keranjang berhasil diperbarui untuk ID Produk 14
Input ID Produk: 14, Jumlah Produk: 7
Data Stok: Array
(
    [stok_produk] => 10
)
Keranjang berhasil diperbarui untuk ID Produk 14
Input ID Produk: 14, Jumlah Produk: 6
Data Stok: Array
(
    [stok_produk] => 10
)
Keranjang berhasil diperbarui untuk ID Produk 14
Input ID Produk: 14, Jumlah Produk: 5
Data Stok: Array
(
    [stok_produk] => 10
)
Keranjang berhasil diperbarui untuk ID Produk 14
Input ID Produk: 14, Jumlah Produk: 4
Data Stok: Array
(
    [stok_produk] => 10
)
Keranjang berhasil diperbarui untuk ID Produk 14
Input ID Produk: 14, Jumlah Produk: 3
Data Stok: Array
(
    [stok_produk] => 10
)
Keranjang berhasil diperbarui untuk ID Produk 14
Input ID Produk: 14, Jumlah Produk: 2
Data Stok: Array
(
    [stok_produk] => 10
)
Input ID Produk: 14, Jumlah Produk: 1
Data Stok: Array
(
    [stok_produk] => 10
)
Input ID Produk: 14, Jumlah Produk: 1
Data Stok: Array
(
    [stok_produk] => 10
)
Input ID Produk: 14, Jumlah Produk: 1
Data Stok: Array
(
    [stok_produk] => 10
)
Input ID Produk: 14, Jumlah Produk: 2
Data Stok: Array
(
    [stok_produk] => 10
)
Keranjang berhasil diperbarui untuk ID Produk 14
Keranjang berhasil diperbarui untuk ID Produk 14
Keranjang berhasil diperbarui untuk ID Produk 14
Keranjang berhasil diperbarui untuk ID Produk 14
Keranjang berhasil diperbarui untuk ID Produk 14
Input ID Produk: 14, Jumlah Produk: 3
Data Stok: Array
(
    [stok_produk] => 10
)
Keranjang berhasil diperbarui untuk ID Produk 14
Input ID Produk: 14, Jumlah Produk: 4
Data Stok: Array
(
    [stok_produk] => 10
)
Keranjang berhasil diperbarui untuk ID Produk 14
Input ID Produk: 14, Jumlah Produk: 3
Data Stok: Array
(
    [stok_produk] => 10
)
Keranjang berhasil diperbarui untuk ID Produk 14
Input ID Produk: 14, Jumlah Produk: 2
Data Stok: Array
(
    [stok_produk] => 10
)
Keranjang berhasil diperbarui untuk ID Produk 14
Input ID Produk: 14, Jumlah Produk: 1
Data Stok: Array
(
    [stok_produk] => 10
)
Keranjang berhasil diperbarui untuk ID Produk 14
Input ID Produk: 14, Jumlah Produk: 1
Data Stok: Array
(
    [stok_produk] => 10
)
Keranjang berhasil diperbarui untuk ID Produk 14
Input ID Produk: 14, Jumlah Produk: 2
Data Stok: Array
(
    [stok_produk] => 10
)
Keranjang berhasil diperbarui untuk ID Produk 14
Input ID Produk: 14, Jumlah Produk: 2
Data Stok: Array
(
    [stok_produk] => 10
)
Keranjang berhasil diperbarui untuk ID Produk 14
Input ID Produk: 14, Jumlah Produk: 3
Data Stok: Array
(
    [stok_produk] => 10
)
Keranjang berhasil diperbarui untuk ID Produk 14
Input ID Produk: 14, Jumlah Produk: 3
Data Stok: Array
(
    [stok_produk] => 10
)
Keranjang berhasil diperbarui untuk ID Produk 14
Input ID Produk: 14, Jumlah Produk: 4
Data Stok: Array
(
    [stok_produk] => 10
)
Keranjang berhasil diperbarui untuk ID Produk 14
Input ID Produk: 14, Jumlah Produk: 5
Data Stok: Array
(
    [stok_produk] => 10
)
Keranjang berhasil diperbarui untuk ID Produk 14
Input ID Produk: 14, Jumlah Produk: 4
Data Stok: Array
(
    [stok_produk] => 10
)
Keranjang berhasil diperbarui untuk ID Produk 14
Input ID Produk: 14, Jumlah Produk: 5
Data Stok: Array
(
    [stok_produk] => 10
)
Keranjang berhasil diperbarui untuk ID Produk 14
Input ID Produk: 14, Jumlah Produk: 4
Data Stok: Array
(
    [stok_produk] => 10
)
Keranjang berhasil diperbarui untuk ID Produk 14
Input ID Produk: 14, Jumlah Produk: 3
Data Stok: Array
(
    [stok_produk] => 10
)
Keranjang berhasil diperbarui untuk ID Produk 14
Input ID Produk: 14, Jumlah Produk: 2
Data Stok: Array
(
    [stok_produk] => 10
)
Keranjang berhasil diperbarui untuk ID Produk 14
Input ID Produk: 14, Jumlah Produk: 1
Data Stok: Array
(
    [stok_produk] => 10
)
Keranjang berhasil diperbarui untuk ID Produk 14
Input ID Produk: 14, Jumlah Produk: 1
Data Stok: Array
(
    [stok_produk] => 10
)
Keranjang berhasil diperbarui untuk ID Produk 14
Input ID Produk: 14, Jumlah Produk: 1
Data Stok: Array
(
    [stok_produk] => 10
)
Keranjang berhasil diperbarui untuk ID Produk 14
Input ID Produk: 17, Jumlah Produk: 2
Data Stok: Array
(
    [stok_produk] => 5
)
Keranjang berhasil diperbarui untuk ID Produk 17
Input ID Produk: 17, Jumlah Produk: 3
Data Stok: Array
(
    [stok_produk] => 5
)
Input ID Produk: 17, Jumlah Produk: 4
Data Stok: Array
(
    [stok_produk] => 5
)
Keranjang berhasil diperbarui untuk ID Produk 17
Input ID Produk: 17, Jumlah Produk: 5
Data Stok: Array
(
    [stok_produk] => 5
)
Keranjang berhasil diperbarui untuk ID Produk 17
Keranjang berhasil diperbarui untuk ID Produk 17
Input ID Produk: 14, Jumlah Produk: 2
Data Stok: Array
(
    [stok_produk] => 10
)
Input ID Produk: 14, Jumlah Produk: 3
Data Stok: Array
(
    [stok_produk] => 10
)
Input ID Produk: 14, Jumlah Produk: 4
Data Stok: Array
(
    [stok_produk] => 10
)
Input ID Produk: 14, Jumlah Produk: 5
Data Stok: Array
(
    [stok_produk] => 10
)
Input ID Produk: 14, Jumlah Produk: 6
Data Stok: Array
(
    [stok_produk] => 10
)
Keranjang berhasil diperbarui untuk ID Produk 14
Keranjang berhasil diperbarui untuk ID Produk 14
Keranjang berhasil diperbarui untuk ID Produk 14
Keranjang berhasil diperbarui untuk ID Produk 14
Keranjang berhasil diperbarui untuk ID Produk 14
Input ID Produk: 14, Jumlah Produk: 7
Data Stok: Array
(
    [stok_produk] => 10
)
Keranjang berhasil diperbarui untuk ID Produk 14
Input ID Produk: 14, Jumlah Produk: 2
Data Stok: Array
(
    [stok_produk] => 10
)
Keranjang berhasil diperbarui untuk ID Produk 14
Input ID Produk: 14, Jumlah Produk: 3
Data Stok: Array
(
    [stok_produk] => 10
)
Input ID Produk: 14, Jumlah Produk: 4
Data Stok: Array
(
    [stok_produk] => 10
)
Input ID Produk: 14, Jumlah Produk: 5
Data Stok: Array
(
    [stok_produk] => 10
)
Input ID Produk: 14, Jumlah Produk: 6
Data Stok: Array
(
    [stok_produk] => 10
)
Input ID Produk: 14, Jumlah Produk: 7
Data Stok: Array
(
    [stok_produk] => 10
)
Input ID Produk: 14, Jumlah Produk: 8
Data Stok: Array
(
    [stok_produk] => 10
)
Keranjang berhasil diperbarui untuk ID Produk 14
Keranjang berhasil diperbarui untuk ID Produk 14
Keranjang berhasil diperbarui untuk ID Produk 14
Keranjang berhasil diperbarui untuk ID Produk 14
Keranjang berhasil diperbarui untuk ID Produk 14
Keranjang berhasil diperbarui untuk ID Produk 14
Input ID Produk: 14, Jumlah Produk: 9
Data Stok: Array
(
    [stok_produk] => 10
)
Keranjang berhasil diperbarui untuk ID Produk 14
Input ID Produk: 14, Jumlah Produk: 10
Data Stok: Array
(
    [stok_produk] => 10
)
Keranjang berhasil diperbarui untuk ID Produk 14
Input ID Produk: 14, Jumlah Produk: 9
Data Stok: Array
(
    [stok_produk] => 10
)
Keranjang berhasil diperbarui untuk ID Produk 14
Input ID Produk: 14, Jumlah Produk: 8
Data Stok: Array
(
    [stok_produk] => 10
)
Keranjang berhasil diperbarui untuk ID Produk 14
Input ID Produk: 14, Jumlah Produk: 7
Input ID Produk: 14, Jumlah Produk: 9
Data Stok: Array
(
    [stok_produk] => 10
)
Data Stok: Array
(
    [stok_produk] => 10
)
Keranjang berhasil diperbarui untuk ID Produk 14
Keranjang berhasil diperbarui untuk ID Produk 14
Input ID Produk: 14, Jumlah Produk: 8
Data Stok: Array
(
    [stok_produk] => 10
)
Keranjang berhasil diperbarui untuk ID Produk 14
Input ID Produk: 17, Jumlah Produk: 1
Input ID Produk: 17, Jumlah Produk: 4
Input ID Produk: 17, Jumlah Produk: 2
Input ID Produk: 17, Jumlah Produk: 3
Data Stok: Array
(
    [stok_produk] => 5
)
Data Stok: Array
(
    [stok_produk] => 5
)
Data Stok: Array
(
    [stok_produk] => 5
)
Data Stok: Array
(
    [stok_produk] => 5
)
Keranjang berhasil diperbarui untuk ID Produk 17
Keranjang berhasil diperbarui untuk ID Produk 17
Keranjang berhasil diperbarui untuk ID Produk 17
Keranjang berhasil diperbarui untuk ID Produk 17
Input ID Produk: 17, Jumlah Produk: 4
Data Stok: Array
(
    [stok_produk] => 5
)
Input ID Produk: 17, Jumlah Produk: 3
Data Stok: Array
(
    [stok_produk] => 5
)
Keranjang berhasil diperbarui untuk ID Produk 17
Keranjang berhasil diperbarui untuk ID Produk 17
Input ID Produk: 17, Jumlah Produk: 2
Data Stok: Array
(
    [stok_produk] => 5
)
Keranjang berhasil diperbarui untuk ID Produk 17
Input ID Produk: 17, Jumlah Produk: 1
Data Stok: Array
(
    [stok_produk] => 5
)
Keranjang berhasil diperbarui untuk ID Produk 17
Input ID Produk: 18, Jumlah Produk: 5
Data Stok: Array
(
    [stok_produk] => 4
)
Input ID Produk: 18, Jumlah Produk: 4
Data Stok: Array
(
    [stok_produk] => 4
)
Keranjang berhasil diperbarui untuk ID Produk 18
Input ID Produk: 18, Jumlah Produk: 7
Data Stok: Array
(
    [stok_produk] => 4
)
Input ID Produk: 18, Jumlah Produk: 6
Data Stok: Array
(
    [stok_produk] => 4
)
Input ID Produk: 18, Jumlah Produk: 5
Data Stok: Array
(
    [stok_produk] => 4
)
Input ID Produk: 18, Jumlah Produk: 4
Data Stok: Array
(
    [stok_produk] => 4
)
Keranjang berhasil diperbarui untuk ID Produk 18
Input ID Produk: 18, Jumlah Produk: 3
Data Stok: Array
(
    [stok_produk] => 4
)
Keranjang berhasil diperbarui untuk ID Produk 18
Input ID Produk: 18, Jumlah Produk: 2
Data Stok: Array
(
    [stok_produk] => 4
)
Keranjang berhasil diperbarui untuk ID Produk 18
Input ID Produk: 18, Jumlah Produk: 1
Data Stok: Array
(
    [stok_produk] => 4
)
Keranjang berhasil diperbarui untuk ID Produk 18
Input ID Produk: 18, Jumlah Produk: 5
Data Stok: Array
(
    [stok_produk] => 3
)
Input ID Produk: 18, Jumlah Produk: 4
Data Stok: Array
(
    [stok_produk] => 3
)
Input ID Produk: 18, Jumlah Produk: 3
Data Stok: Array
(
    [stok_produk] => 3
)
Input ID Produk: 18, Jumlah Produk: 2
Data Stok: Array
(
    [stok_produk] => 3
)
Keranjang berhasil diperbarui untuk ID Produk 18
Keranjang berhasil diperbarui untuk ID Produk 18
Input ID Produk: 18, Jumlah Produk: 1
Data Stok: Array
(
    [stok_produk] => 3
)
Keranjang berhasil diperbarui untuk ID Produk 18
Input ID Produk: 18, Jumlah Produk: 2
Data Stok: Array
(
    [stok_produk] => 3
)
Keranjang berhasil diperbarui untuk ID Produk 18
Input ID Produk: 18, Jumlah Produk: 2
Data Stok: Array
(
    [stok_produk] => 3
)
Keranjang berhasil diperbarui untuk ID Produk 18
Input ID Produk: 18, Jumlah Produk: 2
Data Stok: Array
(
    [stok_produk] => 3
)
Keranjang berhasil diperbarui untuk ID Produk 18
Input ID Produk: 18, Jumlah Produk: 1
Data Stok: Array
(
    [stok_produk] => 3
)
Keranjang berhasil diperbarui untuk ID Produk 18
Input ID Produk: 14, Jumlah Produk: 2
Data Stok: Array
(
    [stok_produk] => 41
)
Keranjang berhasil diperbarui untuk ID Produk 14
Input ID Produk: 14, Jumlah Produk: 1
Data Stok: Array
(
    [stok_produk] => 41
)
Keranjang berhasil diperbarui untuk ID Produk 14
